<?xml version="1.0" encoding="UTF-8"?>
<!-- Generated by org.testng.reporters.JUnitXMLReporter -->
<testsuite hostname="DESKTOP-U4UFQUC" ignored="2" name="Command line test" tests="2" failures="0" timestamp="27 Sep 2019 10:44:06 GMT" time="97.022" errors="0">
  <testcase name="LoginPage" time="42.882" classname="GSTR1.Login"/>
  <testcase name="purchaseUpload" time="54.069" classname="GSTR1.Upload"/>
  <testcase name="@AfterSuite tearDown" time="0.0" classname="Base.Base">
    <ignored/>
  </testcase> <!-- @AfterSuite tearDown -->
  <testcase name="@BeforeSuite configProperty" time="0.0" classname="Base.Base">
    <ignored/>
  </testcase> <!-- @BeforeSuite configProperty -->
</testsuite> <!-- Command line test -->
