<?xml version="1.0" encoding="UTF-8"?>
<!-- Generated by org.testng.reporters.JUnitXMLReporter -->
<testsuite hostname="DESKTOP-U4UFQUC" ignored="2" name="Command line test" tests="2" failures="0" timestamp="20 Sep 2019 09:55:24 GMT" time="104.581" errors="0">
  <testcase name="LoginPage" time="34.042" classname="GSTR1.Login"/>
  <testcase name="purchaseUpload" time="70.365" classname="GSTR1.Upload"/>
  <testcase name="@AfterSuite tearDown" time="0.0" classname="Base.Base">
    <ignored/>
  </testcase> <!-- @AfterSuite tearDown -->
  <testcase name="@BeforeSuite configProperty" time="0.0" classname="Base.Base">
    <ignored/>
  </testcase> <!-- @BeforeSuite configProperty -->
</testsuite> <!-- Command line test -->
