<?xml version="1.0" encoding="UTF-8"?>
<!-- Generated by org.testng.reporters.JUnitXMLReporter -->
<testsuite hostname="DESKTOP-T88K82E" ignored="0" name="Default test" tests="4" failures="0" timestamp="17 Oct 2019 08:58:08 GMT" time="1837.864" errors="0">
  <testcase name="Login" time="11.302" classname="reconciliation.ReconciliationProduct"/>
  <testcase name="companySelection" time="7.564" classname="reconciliation.ReconciliationProduct"/>
  <testcase name="ReconProduct" time="3.784" classname="reconciliation.ReconciliationProduct"/>
  <testcase name="periodforRecon" time="1815.078" classname="reconciliation.ReconciliationProduct"/>
</testsuite> <!-- Default test -->
