<?xml version="1.0" encoding="UTF-8"?>
<!-- Generated by org.testng.reporters.JUnitXMLReporter -->
<testsuite hostname="DESKTOP-T88K82E" ignored="8" name="GSTR-1" tests="8" failures="0" timestamp="21 Feb 2019 06:41:39 GMT" time="89.073" errors="0">
  <testcase name="LoginPage" time="3.306" classname="GSTR1.Login"/>
  <testcase name="DashboardPage" time="3.778" classname="GSTR1.Dashboard"/>
  <testcase name="efiling" time="0.685" classname="GSTR1.E_filing"/>
  <testcase name="Gstr_1Details" time="33.649" classname="GSTR1.View_GSTR1_Invoice"/>
  <testcase name="B2B_View" time="5.145" classname="GSTR1.View_GSTR1_Invoice"/>
  <testcase name="upload" time="8.506" classname="GSTR1.File_GSTR1"/>
  <testcase name="fileselection" time="23.827" classname="GSTR1.File_GSTR1"/>
  <testcase name="uploadfiletype" time="10.152" classname="GSTR1.File_GSTR1"/>
  <testcase name="@AfterSuite tearDown" time="0.0" classname="Base.Base">
    <ignored/>
  </testcase> <!-- @AfterSuite tearDown -->
  <testcase name="@AfterSuite tearDown" time="0.0" classname="Base.Base">
    <ignored/>
  </testcase> <!-- @AfterSuite tearDown -->
  <testcase name="@AfterSuite tearDown" time="0.0" classname="Base.Base">
    <ignored/>
  </testcase> <!-- @AfterSuite tearDown -->
  <testcase name="@AfterSuite tearDown" time="0.0" classname="Base.Base">
    <ignored/>
  </testcase> <!-- @AfterSuite tearDown -->
  <testcase name="@BeforeSuite LaunchBrowser" time="0.0" classname="Base.Base">
    <ignored/>
  </testcase> <!-- @BeforeSuite LaunchBrowser -->
  <testcase name="@BeforeSuite LaunchBrowser" time="0.0" classname="Base.Base">
    <ignored/>
  </testcase> <!-- @BeforeSuite LaunchBrowser -->
  <testcase name="@BeforeSuite LaunchBrowser" time="0.0" classname="Base.Base">
    <ignored/>
  </testcase> <!-- @BeforeSuite LaunchBrowser -->
  <testcase name="@BeforeSuite LaunchBrowser" time="0.0" classname="Base.Base">
    <ignored/>
  </testcase> <!-- @BeforeSuite LaunchBrowser -->
</testsuite> <!-- GSTR-1 -->
