<?xml version="1.0" encoding="UTF-8"?>
<!-- Generated by org.testng.reporters.JUnitXMLReporter -->
<testsuite hostname="DESKTOP-T88K82E" ignored="2" name="TGDS Creation" tests="4" failures="3" timestamp="25 Sep 2019 11:07:21 GMT" time="57.139" errors="0">
  <testcase name="LoginPage" time="44.296" classname="Admin_Module.Login_Functionality$Login1"/>
  <testcase name="TGDSCompanycreation" time="6.524" classname="Admin_Module.TGDS_Create">
    <failure type="java.lang.AssertionError" message="null">
      <![CDATA[java.lang.AssertionError: null
at Admin_Module.TGDS_Create.TGDSCompanycreation(TGDS_Create.java:90)
... Removed 27 stack frames]]>
    </failure>
  </testcase> <!-- TGDSCompanycreation -->
  <testcase name="TGDSusercreation" time="2.176" classname="Admin_Module.TGDS_Create">
    <failure type="java.lang.AssertionError" message="null">
      <![CDATA[java.lang.AssertionError: null
at Admin_Module.TGDS_Create.TGDSusercreation(TGDS_Create.java:149)
... Removed 27 stack frames]]>
    </failure>
  </testcase> <!-- TGDSusercreation -->
  <testcase name="TGDSUserMapping" time="4.122" classname="Admin_Module.TGDS_Create">
    <failure type="java.lang.AssertionError" message="null">
      <![CDATA[java.lang.AssertionError: null
at Admin_Module.TGDS_Create.TGDSUserMapping(TGDS_Create.java:200)
... Removed 27 stack frames]]>
    </failure>
  </testcase> <!-- TGDSUserMapping -->
  <testcase name="@AfterSuite tearDown" time="0.0" classname="Base.Base">
    <ignored/>
  </testcase> <!-- @AfterSuite tearDown -->
  <testcase name="@BeforeSuite configProperty" time="0.0" classname="Base.Base">
    <ignored/>
  </testcase> <!-- @BeforeSuite configProperty -->
</testsuite> <!-- TGDS Creation -->
