<?xml version="1.0" encoding="UTF-8"?>
<!-- Generated by org.testng.reporters.JUnitXMLReporter -->
<testsuite hostname="DESKTOP-T88K82E" ignored="6" name="Test" tests="7" failures="0" timestamp="19 Feb 2019 11:19:59 GMT" time="55.084" errors="0">
  <testcase name="LoginPage" time="3.29" classname="GSTR1.Login"/>
  <testcase name="DashboardPage" time="3.883" classname="GSTR1.Dashboard"/>
  <testcase name="efiling" time="0.727" classname="GSTR1.E_filing"/>
  <testcase name="Gstr_1Details" time="17.775" classname="GSTR1.File_GSTR1"/>
  <testcase name="upload" time="8.613" classname="GSTR1.File_GSTR1"/>
  <testcase name="uploadfiletype" time="7.209" classname="GSTR1.File_GSTR1"/>
  <testcase name="fileselection" time="13.567" classname="GSTR1.File_GSTR1"/>
  <testcase name="@AfterSuite tearDown" time="0.0" classname="Base.Base">
    <ignored/>
  </testcase> <!-- @AfterSuite tearDown -->
  <testcase name="@AfterSuite tearDown" time="0.0" classname="Base.Base">
    <ignored/>
  </testcase> <!-- @AfterSuite tearDown -->
  <testcase name="@AfterSuite tearDown" time="0.0" classname="Base.Base">
    <ignored/>
  </testcase> <!-- @AfterSuite tearDown -->
  <testcase name="@BeforeSuite LaunchBrowser" time="0.0" classname="Base.Base">
    <ignored/>
  </testcase> <!-- @BeforeSuite LaunchBrowser -->
  <testcase name="@BeforeSuite LaunchBrowser" time="0.0" classname="Base.Base">
    <ignored/>
  </testcase> <!-- @BeforeSuite LaunchBrowser -->
  <testcase name="@BeforeSuite LaunchBrowser" time="0.0" classname="Base.Base">
    <ignored/>
  </testcase> <!-- @BeforeSuite LaunchBrowser -->
</testsuite> <!-- Test -->
